Performing C SOURCE FILE Test CMAKE_HAVE_LIBC_PTHREAD failed with the following output:
Change Dir: /home/tom/kujacoin-28.3/build/CMakeFiles/CMakeTmp

Run Build Command(s):/usr/bin/make -f Makefile cmTC_725e1/fast && /usr/bin/make  -f CMakeFiles/cmTC_725e1.dir/build.make CMakeFiles/cmTC_725e1.dir/build
make[1]: Entering directory '/home/tom/kujacoin-28.3/build/CMakeFiles/CMakeTmp'
Building C object CMakeFiles/cmTC_725e1.dir/src.c.o
/usr/bin/cc -DCMAKE_HAVE_LIBC_PTHREAD   -o CMakeFiles/cmTC_725e1.dir/src.c.o -c /home/tom/kujacoin-28.3/build/CMakeFiles/CMakeTmp/src.c
Linking C executable cmTC_725e1
/usr/bin/cmake -E cmake_link_script CMakeFiles/cmTC_725e1.dir/link.txt --verbose=1
/usr/bin/cc CMakeFiles/cmTC_725e1.dir/src.c.o -o cmTC_725e1 
CMakeFiles/cmTC_725e1.dir/src.c.o: In function `main':
src.c:(.text+0x3c): undefined reference to `pthread_create'
src.c:(.text+0x48): undefined reference to `pthread_detach'
src.c:(.text+0x54): undefined reference to `pthread_cancel'
src.c:(.text+0x65): undefined reference to `pthread_join'
src.c:(.text+0x79): undefined reference to `pthread_atfork'
collect2: error: ld returned 1 exit status
CMakeFiles/cmTC_725e1.dir/build.make:98: recipe for target 'cmTC_725e1' failed
make[1]: *** [cmTC_725e1] Error 1
make[1]: Leaving directory '/home/tom/kujacoin-28.3/build/CMakeFiles/CMakeTmp'
Makefile:127: recipe for target 'cmTC_725e1/fast' failed
make: *** [cmTC_725e1/fast] Error 2


Source file was:
#include <pthread.h>

static void* test_func(void* data)
{
  return data;
}

int main(void)
{
  pthread_t thread;
  pthread_create(&thread, NULL, test_func, NULL);
  pthread_detach(thread);
  pthread_cancel(thread);
  pthread_join(thread, NULL);
  pthread_atfork(NULL, NULL, NULL);
  pthread_exit(NULL);

  return 0;
}

Determining if the function pthread_create exists in the pthreads failed with the following output:
Change Dir: /home/tom/kujacoin-28.3/build/CMakeFiles/CMakeTmp

Run Build Command(s):/usr/bin/make -f Makefile cmTC_78ae0/fast && /usr/bin/make  -f CMakeFiles/cmTC_78ae0.dir/build.make CMakeFiles/cmTC_78ae0.dir/build
make[1]: Entering directory '/home/tom/kujacoin-28.3/build/CMakeFiles/CMakeTmp'
Building C object CMakeFiles/cmTC_78ae0.dir/CheckFunctionExists.c.o
/usr/bin/cc   -DCHECK_FUNCTION_EXISTS=pthread_create -o CMakeFiles/cmTC_78ae0.dir/CheckFunctionExists.c.o -c /usr/share/cmake-3.20/Modules/CheckFunctionExists.c
Linking C executable cmTC_78ae0
/usr/bin/cmake -E cmake_link_script CMakeFiles/cmTC_78ae0.dir/link.txt --verbose=1
/usr/bin/cc  -DCHECK_FUNCTION_EXISTS=pthread_create CMakeFiles/cmTC_78ae0.dir/CheckFunctionExists.c.o -o cmTC_78ae0  -lpthreads 
/usr/bin/ld: cannot find -lpthreads
collect2: error: ld returned 1 exit status
CMakeFiles/cmTC_78ae0.dir/build.make:98: recipe for target 'cmTC_78ae0' failed
make[1]: *** [cmTC_78ae0] Error 1
make[1]: Leaving directory '/home/tom/kujacoin-28.3/build/CMakeFiles/CMakeTmp'
Makefile:127: recipe for target 'cmTC_78ae0/fast' failed
make: *** [cmTC_78ae0/fast] Error 2



Performing C++ SOURCE FILE Test check_cxx_compiler_flag__march_merom failed with the following output:
Change Dir: /home/tom/kujacoin-28.3/build/CMakeFiles/CMakeTmp

Run Build Command(s):/usr/bin/make -f Makefile cmTC_fb099/fast && /usr/bin/make  -f CMakeFiles/cmTC_fb099.dir/build.make CMakeFiles/cmTC_fb099.dir/build
make[1]: Entering directory '/home/tom/kujacoin-28.3/build/CMakeFiles/CMakeTmp'
Building CXX object CMakeFiles/cmTC_fb099.dir/src.cxx.o
/usr/bin/c++ -Dcheck_cxx_compiler_flag__march_merom  -std=c++17  -Wall -Wextra -Wpointer-arith -Wvla -Wwrite-strings  -Wno-error=extra -Wno-error=unused-function -Wno-error=sign-compare -Wno-error=strict-aliasing -Wno-error=type-limits -Wno-unused-parameter -Wno-error=unused-variable -Wno-error=undef -Wno-error=uninitialized -Wno-error=unused-result -Wlogical-op -Wno-error=maybe-uninitialized -Wno-error=clobbered -Wno-error=unused-but-set-variable -Wno-error=odr -Wno-reorder -Wno-missing-field-initializers -march=native -maes -pthread -w -Wno-everything    -march=merom -std=c++17 -o CMakeFiles/cmTC_fb099.dir/src.cxx.o -c /home/tom/kujacoin-28.3/build/CMakeFiles/CMakeTmp/src.cxx
cc1plus: error: bad value ('merom') for '-march=' switch
cc1plus: note: valid arguments to '-march=' switch are: nocona core2 nehalem corei7 westmere sandybridge corei7-avx ivybridge core-avx-i haswell core-avx2 broadwell skylake skylake-avx512 cannonlake icelake-client icelake-server bonnell atom silvermont slm knl knm x86-64 eden-x2 nano nano-1000 nano-2000 nano-3000 nano-x2 eden-x4 nano-x4 k8 k8-sse3 opteron opteron-sse3 athlon64 athlon64-sse3 athlon-fx amdfam10 barcelona bdver1 bdver2 bdver3 bdver4 znver1 btver1 btver2 native
CMakeFiles/cmTC_fb099.dir/build.make:77: recipe for target 'CMakeFiles/cmTC_fb099.dir/src.cxx.o' failed
make[1]: *** [CMakeFiles/cmTC_fb099.dir/src.cxx.o] Error 1
make[1]: Leaving directory '/home/tom/kujacoin-28.3/build/CMakeFiles/CMakeTmp'
Makefile:127: recipe for target 'cmTC_fb099/fast' failed
make: *** [cmTC_fb099/fast] Error 2


Source file was:
#include <cstdio>
      int main() { return 0; }
Determining if the include file sys/endian.h exists failed with the following output:
Change Dir: /home/tom/kujacoin-28.3/build/CMakeFiles/CMakeTmp

Run Build Command(s):/usr/bin/make -f Makefile cmTC_3f625/fast && /usr/bin/make  -f CMakeFiles/cmTC_3f625.dir/build.make CMakeFiles/cmTC_3f625.dir/build
make[1]: Entering directory '/home/tom/kujacoin-28.3/build/CMakeFiles/CMakeTmp'
Building C object CMakeFiles/cmTC_3f625.dir/CheckIncludeFile.c.o
/usr/bin/cc   -std=c11  -Wall -Wextra -Wpointer-arith -Wvla -Wwrite-strings  -Wno-error=extra -Wno-error=unused-function -Wno-error=sign-compare -Wno-error=strict-aliasing -Wno-error=type-limits -Wno-unused-parameter -Wno-error=unused-variable -Wno-error=undef -Wno-error=uninitialized -Wno-error=unused-result -Wlogical-op -Wno-error=maybe-uninitialized -Wno-error=clobbered -Wno-error=unused-but-set-variable -Wno-error=odr -Waggregate-return -Wnested-externs -Wold-style-definition -Wstrict-prototypes -Wno-implicit-fallthrough -march=native -maes -w -Wno-everything  -o CMakeFiles/cmTC_3f625.dir/CheckIncludeFile.c.o -c /home/tom/kujacoin-28.3/build/CMakeFiles/CMakeTmp/CheckIncludeFile.c
/home/tom/kujacoin-28.3/build/CMakeFiles/CMakeTmp/CheckIncludeFile.c:1:10: fatal error: sys/endian.h: No such file or directory
 #include <sys/endian.h>
          ^~~~~~~~~~~~~~
compilation terminated.
CMakeFiles/cmTC_3f625.dir/build.make:77: recipe for target 'CMakeFiles/cmTC_3f625.dir/CheckIncludeFile.c.o' failed
make[1]: *** [CMakeFiles/cmTC_3f625.dir/CheckIncludeFile.c.o] Error 1
make[1]: Leaving directory '/home/tom/kujacoin-28.3/build/CMakeFiles/CMakeTmp'
Makefile:127: recipe for target 'cmTC_3f625/fast' failed
make: *** [cmTC_3f625/fast] Error 2



Determining if the include file windows.h exists failed with the following output:
Change Dir: /home/tom/kujacoin-28.3/build/CMakeFiles/CMakeTmp

Run Build Command(s):/usr/bin/make -f Makefile cmTC_b8e3b/fast && /usr/bin/make  -f CMakeFiles/cmTC_b8e3b.dir/build.make CMakeFiles/cmTC_b8e3b.dir/build
make[1]: Entering directory '/home/tom/kujacoin-28.3/build/CMakeFiles/CMakeTmp'
Building C object CMakeFiles/cmTC_b8e3b.dir/CheckIncludeFile.c.o
/usr/bin/cc   -std=c11  -Wall -Wextra -Wpointer-arith -Wvla -Wwrite-strings  -Wno-error=extra -Wno-error=unused-function -Wno-error=sign-compare -Wno-error=strict-aliasing -Wno-error=type-limits -Wno-unused-parameter -Wno-error=unused-variable -Wno-error=undef -Wno-error=uninitialized -Wno-error=unused-result -Wlogical-op -Wno-error=maybe-uninitialized -Wno-error=clobbered -Wno-error=unused-but-set-variable -Wno-error=odr -Waggregate-return -Wnested-externs -Wold-style-definition -Wstrict-prototypes -Wno-implicit-fallthrough -march=native -maes -w -Wno-everything  -o CMakeFiles/cmTC_b8e3b.dir/CheckIncludeFile.c.o -c /home/tom/kujacoin-28.3/build/CMakeFiles/CMakeTmp/CheckIncludeFile.c
/home/tom/kujacoin-28.3/build/CMakeFiles/CMakeTmp/CheckIncludeFile.c:1:10: fatal error: windows.h: No such file or directory
 #include <windows.h>
          ^~~~~~~~~~~
compilation terminated.
CMakeFiles/cmTC_b8e3b.dir/build.make:77: recipe for target 'CMakeFiles/cmTC_b8e3b.dir/CheckIncludeFile.c.o' failed
make[1]: *** [CMakeFiles/cmTC_b8e3b.dir/CheckIncludeFile.c.o] Error 1
make[1]: Leaving directory '/home/tom/kujacoin-28.3/build/CMakeFiles/CMakeTmp'
Makefile:127: recipe for target 'cmTC_b8e3b/fast' failed
make: *** [cmTC_b8e3b/fast] Error 2



Determining if the function lzo1x_1_15_compress exists in the lzo2 failed with the following output:
Change Dir: /home/tom/kujacoin-28.3/build/CMakeFiles/CMakeTmp

Run Build Command(s):/usr/bin/make -f Makefile cmTC_0c8e5/fast && /usr/bin/make  -f CMakeFiles/cmTC_0c8e5.dir/build.make CMakeFiles/cmTC_0c8e5.dir/build
make[1]: Entering directory '/home/tom/kujacoin-28.3/build/CMakeFiles/CMakeTmp'
Building C object CMakeFiles/cmTC_0c8e5.dir/CheckFunctionExists.c.o
/usr/bin/cc   -std=c11  -Wall -Wextra -Wpointer-arith -Wvla -Wwrite-strings  -Wno-error=extra -Wno-error=unused-function -Wno-error=sign-compare -Wno-error=strict-aliasing -Wno-error=type-limits -Wno-unused-parameter -Wno-error=unused-variable -Wno-error=undef -Wno-error=uninitialized -Wno-error=unused-result -Wlogical-op -Wno-error=maybe-uninitialized -Wno-error=clobbered -Wno-error=unused-but-set-variable -Wno-error=odr -Waggregate-return -Wnested-externs -Wold-style-definition -Wstrict-prototypes -Wno-implicit-fallthrough -march=native -maes -w -Wno-everything -DCHECK_FUNCTION_EXISTS=lzo1x_1_15_compress -o CMakeFiles/cmTC_0c8e5.dir/CheckFunctionExists.c.o -c /usr/share/cmake-3.20/Modules/CheckFunctionExists.c
Linking C executable cmTC_0c8e5
/usr/bin/cmake -E cmake_link_script CMakeFiles/cmTC_0c8e5.dir/link.txt --verbose=1
/usr/bin/cc  -std=c11  -Wall -Wextra -Wpointer-arith -Wvla -Wwrite-strings  -Wno-error=extra -Wno-error=unused-function -Wno-error=sign-compare -Wno-error=strict-aliasing -Wno-error=type-limits -Wno-unused-parameter -Wno-error=unused-variable -Wno-error=undef -Wno-error=uninitialized -Wno-error=unused-result -Wlogical-op -Wno-error=maybe-uninitialized -Wno-error=clobbered -Wno-error=unused-but-set-variable -Wno-error=odr -Waggregate-return -Wnested-externs -Wold-style-definition -Wstrict-prototypes -Wno-implicit-fallthrough -march=native -maes -w -Wno-everything -DCHECK_FUNCTION_EXISTS=lzo1x_1_15_compress  -static-libgcc -static-libstdc++  CMakeFiles/cmTC_0c8e5.dir/CheckFunctionExists.c.o -o cmTC_0c8e5  -llzo2 
/usr/bin/ld: cannot find -llzo2
collect2: error: ld returned 1 exit status
CMakeFiles/cmTC_0c8e5.dir/build.make:98: recipe for target 'cmTC_0c8e5' failed
make[1]: *** [cmTC_0c8e5] Error 1
make[1]: Leaving directory '/home/tom/kujacoin-28.3/build/CMakeFiles/CMakeTmp'
Makefile:127: recipe for target 'cmTC_0c8e5/fast' failed
make: *** [cmTC_0c8e5/fast] Error 2



Performing C++ SOURCE FILE Test HAVE_VISUAL_STUDIO_ARCH_AVX failed with the following output:
Change Dir: /home/tom/kujacoin-28.3/build/CMakeFiles/CMakeTmp

Run Build Command(s):/usr/bin/make -f Makefile cmTC_b8d8f/fast && /usr/bin/make  -f CMakeFiles/cmTC_b8d8f.dir/build.make CMakeFiles/cmTC_b8d8f.dir/build
make[1]: Entering directory '/home/tom/kujacoin-28.3/build/CMakeFiles/CMakeTmp'
Building CXX object CMakeFiles/cmTC_b8d8f.dir/src.cxx.o
/usr/bin/c++ -DHAVE_VISUAL_STUDIO_ARCH_AVX  -std=c++17  -Wall -Wextra -Wpointer-arith -Wvla -Wwrite-strings  -Wno-error=extra -Wno-error=unused-function -Wno-error=sign-compare -Wno-error=strict-aliasing -Wno-error=type-limits -Wno-unused-parameter -Wno-error=unused-variable -Wno-error=undef -Wno-error=uninitialized -Wno-error=unused-result -Wlogical-op -Wno-error=maybe-uninitialized -Wno-error=clobbered -Wno-error=unused-but-set-variable -Wno-error=odr -Wno-reorder -Wno-missing-field-initializers -march=native -maes -pthread -w -Wno-everything    /arch:AVX -std=c++17 -o CMakeFiles/cmTC_b8d8f.dir/src.cxx.o -c /home/tom/kujacoin-28.3/build/CMakeFiles/CMakeTmp/src.cxx
c++: error: /arch:AVX: No such file or directory
CMakeFiles/cmTC_b8d8f.dir/build.make:77: recipe for target 'CMakeFiles/cmTC_b8d8f.dir/src.cxx.o' failed
make[1]: *** [CMakeFiles/cmTC_b8d8f.dir/src.cxx.o] Error 1
make[1]: Leaving directory '/home/tom/kujacoin-28.3/build/CMakeFiles/CMakeTmp'
Makefile:127: recipe for target 'cmTC_b8d8f/fast' failed
make: *** [cmTC_b8d8f/fast] Error 2


Source file was:
int main() { return 0;}
Performing C++ SOURCE FILE Test HAVE_VISUAL_STUDIO_ARCH_AVX2 failed with the following output:
Change Dir: /home/tom/kujacoin-28.3/build/CMakeFiles/CMakeTmp

Run Build Command(s):/usr/bin/make -f Makefile cmTC_cc495/fast && /usr/bin/make  -f CMakeFiles/cmTC_cc495.dir/build.make CMakeFiles/cmTC_cc495.dir/build
make[1]: Entering directory '/home/tom/kujacoin-28.3/build/CMakeFiles/CMakeTmp'
Building CXX object CMakeFiles/cmTC_cc495.dir/src.cxx.o
/usr/bin/c++ -DHAVE_VISUAL_STUDIO_ARCH_AVX2  -std=c++17  -Wall -Wextra -Wpointer-arith -Wvla -Wwrite-strings  -Wno-error=extra -Wno-error=unused-function -Wno-error=sign-compare -Wno-error=strict-aliasing -Wno-error=type-limits -Wno-unused-parameter -Wno-error=unused-variable -Wno-error=undef -Wno-error=uninitialized -Wno-error=unused-result -Wlogical-op -Wno-error=maybe-uninitialized -Wno-error=clobbered -Wno-error=unused-but-set-variable -Wno-error=odr -Wno-reorder -Wno-missing-field-initializers -march=native -maes -pthread -w -Wno-everything    /arch:AVX2 -std=c++17 -o CMakeFiles/cmTC_cc495.dir/src.cxx.o -c /home/tom/kujacoin-28.3/build/CMakeFiles/CMakeTmp/src.cxx
c++: error: /arch:AVX2: No such file or directory
CMakeFiles/cmTC_cc495.dir/build.make:77: recipe for target 'CMakeFiles/cmTC_cc495.dir/src.cxx.o' failed
make[1]: *** [CMakeFiles/cmTC_cc495.dir/src.cxx.o] Error 1
make[1]: Leaving directory '/home/tom/kujacoin-28.3/build/CMakeFiles/CMakeTmp'
Makefile:127: recipe for target 'cmTC_cc495/fast' failed
make: *** [cmTC_cc495/fast] Error 2


Source file was:
int main() { return 0;}
